<?xml version="1.0" encoding="UTF-8"?>
<testng-results ignored="0" total="1" passed="1" failed="0" skipped="0">
  <reporter-output>
  </reporter-output>
  <suite started-at="2023-11-27T15:17:10 IST" name="Default suite" finished-at="2023-11-27T15:17:18 IST" duration-ms="8059">
    <groups>
    </groups>
    <test started-at="2023-11-27T15:17:10 IST" name="Default test" finished-at="2023-11-27T15:17:18 IST" duration-ms="8059">
      <class name="com.testMaven.TestMaven">
        <test-method is-config="true" signature="invock()[pri:0, instance:com.testMaven.TestMaven@508dec2b]" started-at="2023-11-27T15:17:10 IST" name="invock" finished-at="2023-11-27T15:17:17 IST" duration-ms="6587" status="PASS">
          <reporter-output>
          </reporter-output>
        </test-method> <!-- invock -->
        <test-method signature="checkElement()[pri:0, instance:com.testMaven.TestMaven@508dec2b]" started-at="2023-11-27T15:17:17 IST" name="checkElement" finished-at="2023-11-27T15:17:17 IST" duration-ms="263" status="PASS">
          <reporter-output>
          </reporter-output>
        </test-method> <!-- checkElement -->
        <test-method is-config="true" signature="tearDown()[pri:0, instance:com.testMaven.TestMaven@508dec2b]" started-at="2023-11-27T15:17:17 IST" name="tearDown" finished-at="2023-11-27T15:17:18 IST" duration-ms="1153" status="PASS">
          <reporter-output>
          </reporter-output>
        </test-method> <!-- tearDown -->
      </class> <!-- com.testMaven.TestMaven -->
    </test> <!-- Default test -->
  </suite> <!-- Default suite -->
</testng-results>
