<?xml version="1.0" encoding="UTF-8"?>
<testng-results ignored="0" total="1" passed="1" failed="0" skipped="0">
  <reporter-output>
  </reporter-output>
  <suite started-at="2023-11-14T17:49:20 IST" name="Default suite" finished-at="2023-11-14T17:49:27 IST" duration-ms="7145">
    <groups>
    </groups>
    <test started-at="2023-11-14T17:49:20 IST" name="Default test" finished-at="2023-11-14T17:49:27 IST" duration-ms="7145">
      <class name="com.testMaven.TestMaven">
        <test-method signature="invock()[pri:0, instance:com.testMaven.TestMaven@6a84a97d]" started-at="2023-11-14T17:49:20 IST" name="invock" finished-at="2023-11-14T17:49:27 IST" duration-ms="7101" status="PASS">
          <reporter-output>
          </reporter-output>
        </test-method> <!-- invock -->
      </class> <!-- com.testMaven.TestMaven -->
    </test> <!-- Default test -->
  </suite> <!-- Default suite -->
</testng-results>
